INFO: [VRFC 10-2263] Analyzing Verilog file "C:/Users/SHUBHAM_KUMAR_JHA/Desktop/HPCES Lab/Comparing_booth_bough_wooley_multiplier/Comparing_booth_bough_wooley_multiplier.srcs/sources_1/new/Booth_multiplier.v" into library xil_defaultlib
INFO: [VRFC 10-311] analyzing module full_adder
INFO: [VRFC 10-311] analyzing module two_one_mux
INFO: [VRFC 10-311] analyzing module one_bit_carry_select_adder
INFO: [VRFC 10-311] analyzing module n_bit_carry_select_adder
INFO: [VRFC 10-311] analyzing module n_bit_two_one_mux
INFO: [VRFC 10-311] analyzing module booth_multiplier_n_bit_functional
INFO: [VRFC 10-2263] Analyzing Verilog file "C:/Users/SHUBHAM_KUMAR_JHA/Desktop/HPCES Lab/Comparing_booth_bough_wooley_multiplier/Comparing_booth_bough_wooley_multiplier.srcs/sources_1/new/Wough_boogley.v" into library xil_defaultlib
INFO: [VRFC 10-311] analyzing module last_fa
INFO: [VRFC 10-311] analyzing module fa
INFO: [VRFC 10-311] analyzing module adder_block
INFO: [VRFC 10-311] analyzing module nand_block
INFO: [VRFC 10-311] analyzing module and_block
INFO: [VRFC 10-311] analyzing module woogh_boogly
INFO: [VRFC 10-2263] Analyzing Verilog file "C:/Users/SHUBHAM_KUMAR_JHA/Desktop/HPCES Lab/Comparing_booth_bough_wooley_multiplier/Comparing_booth_bough_wooley_multiplier.srcs/sim_1/new/test_tb.v" into library xil_defaultlib
INFO: [VRFC 10-311] analyzing module test_tb
INFO: [VRFC 10-2458] undeclared symbol clk, assumed default net type wire [C:/Users/SHUBHAM_KUMAR_JHA/Desktop/HPCES Lab/Comparing_booth_bough_wooley_multiplier/Comparing_booth_bough_wooley_multiplier.srcs/sim_1/new/test_tb.v:30]
INFO: [VRFC 10-2458] undeclared symbol rst, assumed default net type wire [C:/Users/SHUBHAM_KUMAR_JHA/Desktop/HPCES Lab/Comparing_booth_bough_wooley_multiplier/Comparing_booth_bough_wooley_multiplier.srcs/sim_1/new/test_tb.v:30]
INFO: [VRFC 10-2458] undeclared symbol multiplicand, assumed default net type wire [C:/Users/SHUBHAM_KUMAR_JHA/Desktop/HPCES Lab/Comparing_booth_bough_wooley_multiplier/Comparing_booth_bough_wooley_multiplier.srcs/sim_1/new/test_tb.v:30]
ERROR: [VRFC 10-2989] 'product_woogley' is not declared [C:/Users/SHUBHAM_KUMAR_JHA/Desktop/HPCES Lab/Comparing_booth_bough_wooley_multiplier/Comparing_booth_bough_wooley_multiplier.srcs/sim_1/new/test_tb.v:32]
ERROR: [VRFC 10-2865] module 'test_tb' ignored due to previous errors [C:/Users/SHUBHAM_KUMAR_JHA/Desktop/HPCES Lab/Comparing_booth_bough_wooley_multiplier/Comparing_booth_bough_wooley_multiplier.srcs/sim_1/new/test_tb.v:23]
