Vivado Simulator 2020.1
Copyright 1986-1999, 2001-2020 Xilinx, Inc. All Rights Reserved.
Running: G:/Vivado/2020.1/bin/unwrapped/win64.o/xelab.exe -wto f38b6aa1b0b642e3b4a2486ceae608a6 --incr --debug typical --relax --mt 2 -L xil_defaultlib -L unisims_ver -L unimacro_ver -L secureip --snapshot bough_wooley_tb_behav xil_defaultlib.bough_wooley_tb xil_defaultlib.glbl -log elaborate.log 
Using 2 slave threads.
Starting static elaboration
Pass Through NonSizing Optimizer
WARNING: [VRFC 10-3091] actual bit length 32 differs from formal bit length 31 for port 'carry_in' [C:/Users/SHUBHAM_KUMAR_JHA/Desktop/HPCES Lab/Bough_woogly_parameterised/Bough_woogly_parameterised.srcs/sources_1/new/Bough_wooley.v:139]
Completed static elaboration
Starting simulation data flow analysis
Completed simulation data flow analysis
Time Resolution for simulation is 1ps
Compiling module xil_defaultlib.and_block_default
Compiling module xil_defaultlib.fa
Compiling module xil_defaultlib.adder_block_default
Compiling module xil_defaultlib.nand_block_default
Compiling module xil_defaultlib.last_fa_default
Compiling module xil_defaultlib.woogh_boogly_default
Compiling module xil_defaultlib.bough_wooley_tb
Compiling module xil_defaultlib.glbl
Built simulation snapshot bough_wooley_tb_behav
